<?xml version="1.0" encoding="UTF-8"?>
<testsuite name="cleanTest.CreateNoteWithNotepad" tests="1" skipped="0" failures="0" errors="0" timestamp="2022-10-20T04:59:28" hostname="DESKTOP-OC7QOHJ" time="87.935">
  <properties/>
  <testcase name="verifyCUDNote()" classname="cleanTest.CreateNoteWithNotepad" time="87.935"/>
  <system-out><![CDATA[]]></system-out>
  <system-err><![CDATA[Oct 20, 2022 12:59:46 AM io.appium.java_client.remote.AppiumCommandExecutor$1 lambda$0
INFO: Detected dialect: W3C
]]></system-err>
</testsuite>
